* This distribution is built with Dist::Zilla 4.300038 on Tue Nov 12 15:07:07 2013

* Loaded Dist::Zilla plugins
  - Dist::Zilla::Plugin::Author::SHARYANTO::MetaResources 0.01
  - Dist::Zilla::Plugin::CheckChangeLog 0.01
  - Dist::Zilla::Plugin::CheckMetaResources 0.001
  - Dist::Zilla::Plugin::ConfirmRelease 4.300038
  - Dist::Zilla::Plugin::ExecDir 4.300038
  - Dist::Zilla::Plugin::ExtraTests 4.300038
  - Dist::Zilla::Plugin::Extras 0.01
  - Dist::Zilla::Plugin::FinderCode 4.300038
  - Dist::Zilla::Plugin::GatherDir 4.300038
  - Dist::Zilla::Plugin::InlineFiles 4.300038
  - Dist::Zilla::Plugin::InstallRelease 0.008
  - Dist::Zilla::Plugin::License 4.300038
  - Dist::Zilla::Plugin::LogBuild 0.01
  - Dist::Zilla::Plugin::MakeMaker 4.300038
  - Dist::Zilla::Plugin::MakeMaker::Runner 4.300038
  - Dist::Zilla::Plugin::Manifest 4.300038
  - Dist::Zilla::Plugin::ManifestSkip 4.300038
  - Dist::Zilla::Plugin::MetaJSON 4.300038
  - Dist::Zilla::Plugin::MetaResources 4.300038
  - Dist::Zilla::Plugin::MetaYAML 4.300038
  - Dist::Zilla::Plugin::OurPkgVersion 0.005000
  - Dist::Zilla::Plugin::PodCoverageTests 4.300038
  - Dist::Zilla::Plugin::PodSyntaxTests 4.300038
  - Dist::Zilla::Plugin::PodWeaver 3.101642
  - Dist::Zilla::Plugin::Prereqs 4.300038
  - Dist::Zilla::Plugin::PruneCruft 4.300038
  - Dist::Zilla::Plugin::ReadmeFromPod 0.18
  - Dist::Zilla::Plugin::Rinci::Validate 0.09
  - Dist::Zilla::Plugin::Run::BeforeBuild 0.020
  - Dist::Zilla::Plugin::Run::Release 0.020
  - Dist::Zilla::Plugin::Run::Role::Runner 0.020
  - Dist::Zilla::Plugin::ShareDir 4.300038
  - Dist::Zilla::Plugin::Test::Compile 2.037
  - Dist::Zilla::Plugin::Test::Rinci 0.01
  - Dist::Zilla::Plugin::UploadToCPAN 4.300038
  - Dist::Zilla::PluginBundle::Author::SHARYANTO 0.14
  - Dist::Zilla::PluginBundle::Classic 4.300038
  - Dist::Zilla::PluginBundle::Filter 4.300038

* Loaded Pod::Weaver plugins
  - Pod::Weaver 4.004
  - Pod::Weaver::Plugin::EnsurePod5 4.004
  - Pod::Weaver::Plugin::EnsureUniqueSections 0.121550
  - Pod::Weaver::Plugin::H1Nester 4.004
  - Pod::Weaver::Plugin::Perinci 0.12
  - Pod::Weaver::Plugin::SingleEncoding 4.004
  - Pod::Weaver::PluginBundle::Author::SHARYANTO 0.08
  - Pod::Weaver::PluginBundle::CorePrep 4.004

